WITH JUST CLUSTERING USING GPU

Running SLURM prolog script on pink56.cluster.local
===============================================================================
Job started on Sat May  8 22:35:24 BST 2021
Job ID          : 167632
Job name        : script_mixed.sh
WorkDir         : /mainfs/lyceum/blw1g18/segment/filter-bank
Command         : /lyceum/blw1g18/batch_scripts/script_mixed.sh
Partition       : lyceum
Num hosts       : 1
Num cores       : 2
Num of tasks    : 1
Hosts allocated : pink56
Job Output Follows ...
===============================================================================
Lossy conversion from float64 to uint8. Range [50.0, 100.0]. Convert image to uint8 prior to saving to suppress this warning.
Using 21 Gabor filters
==============================================================================
Running epilogue script on pink56.

Submit time  : 2021-05-08T22:35:24
Start time   : 2021-05-08T22:35:24
End time     : 2021-05-08T22:42:00
Elapsed time : 00:06:36 (Timelimit=2-11:00:00)

Job ID: 167632
Cluster: i5
User/Group: blw1g18/fp
State: COMPLETED (exit code 0)
Nodes: 1
Cores per node: 2
CPU Utilized: 00:06:36
CPU Efficiency: 50.00% of 00:13:12 core-walltime
Job Wall-clock time: 00:06:36
Memory Utilized: 346.45 MB
Memory Efficiency: 0.00% of 0.00 MB

