ALL WITHOUT GPU

Running SLURM prolog script on pink56.cluster.local
===============================================================================
Job started on Sat May  8 21:54:56 BST 2021
Job ID          : 167607
Job name        : script_old.sh
WorkDir         : /mainfs/lyceum/blw1g18/segment/filter-bank
Command         : /lyceum/blw1g18/batch_scripts/script_old.sh
Partition       : lyceum
Num hosts       : 1
Num cores       : 2
Num of tasks    : 1
Hosts allocated : pink56
Job Output Follows ...
===============================================================================
Lossy conversion from float64 to uint8. Range [50.0, 100.0]. Convert image to uint8 prior to saving to suppress this warning.
Using 21 Gabor filters
==============================================================================
Running epilogue script on pink56.

Submit time  : 2021-05-08T21:54:56
Start time   : 2021-05-08T21:54:56
End time     : 2021-05-08T22:02:09
Elapsed time : 00:07:13 (Timelimit=2-11:00:00)

Job ID: 167607
Cluster: i5
User/Group: blw1g18/fp
State: COMPLETED (exit code 0)
Nodes: 1
Cores per node: 2
CPU Utilized: 00:07:14
CPU Efficiency: 50.12% of 00:14:26 core-walltime
Job Wall-clock time: 00:07:13
Memory Utilized: 189.71 MB
Memory Efficiency: 0.00% of 0.00 MB

