Running SLURM prolog script on pink56.cluster.local
===============================================================================
Job started on Sat May  8 20:58:23 BST 2021
Job ID          : 167577
Job name        : script_filter-bank.sh
WorkDir         : /mainfs/lyceum/blw1g18/segment/filter-bank
Command         : /lyceum/blw1g18/batch_scripts/script_filter-bank.sh
Partition       : lyceum
Num hosts       : 1
Num cores       : 2
Num of tasks    : 1
Hosts allocated : pink56
Job Output Follows ...
===============================================================================
Lossy conversion from float64 to uint8. Range [0.0, 127.5]. Convert image to uint8 prior to saving to suppress this warning.
Using 21 Gabor filters
==============================================================================
Running epilogue script on pink56.

Submit time  : 2021-05-08T20:58:23
Start time   : 2021-05-08T20:58:23
End time     : 2021-05-08T21:27:22
Elapsed time : 00:28:59 (Timelimit=2-11:00:00)

Job ID: 167577
Cluster: i5
User/Group: blw1g18/fp
State: COMPLETED (exit code 0)
Nodes: 1
Cores per node: 2
CPU Utilized: 00:28:59
CPU Efficiency: 50.00% of 00:57:58 core-walltime
Job Wall-clock time: 00:28:59
Memory Utilized: 1.47 GB
Memory Efficiency: 0.00% of 0.00 MB

